Grammar

    0 $accept: Execution $end

    1 Execution: Execution Statement
    2          | Statement

    3 Statement: ID
    4          | NUMCONST
    5          | CHARCONST
    6          | STRINGCONST
    7          | AND
    8          | BREAK
    9          | BOOL
   10          | CHAR
   11          | ELSE
   12          | FALSE
   13          | FOREACH
   14          | IF
   15          | IN
   16          | INT
   17          | OR
   18          | NOT
   19          | RETURN
   20          | TRUE
   21          | STATIC
   22          | WHILE
   23          | COMMA
   24          | LBRACKET
   25          | RBRACKET
   26          | LPAREN
   27          | RPAREN
   28          | LBRACE
   29          | RBRACE
   30          | SEMI
   31          | EQUIV
   32          | NEQ
   33          | LEQ
   34          | LESSER
   35          | GEQ
   36          | GREATER
   37          | ASSIGN
   38          | PASSIGN
   39          | MASSIGN
   40          | DEC
   41          | INC
   42          | COLON
   43          | PLUS
   44          | MINUS
   45          | DIVIDE
   46          | MOD
   47          | MULTI


Terminals, with rules where they appear

$end (0) 0
error (256)
ID (258) 3
NUMCONST (259) 4
CHARCONST (260) 5
STRINGCONST (261) 6
AND (262) 7
BREAK (263) 8
BOOL (264) 9
CHAR (265) 10
ELSE (266) 11
FALSE (267) 12
FOREACH (268) 13
IF (269) 14
IN (270) 15
INT (271) 16
OR (272) 17
NOT (273) 18
RETURN (274) 19
TRUE (275) 20
STATIC (276) 21
WHILE (277) 22
COMMA (278) 23
LBRACKET (279) 24
RBRACKET (280) 25
LPAREN (281) 26
RPAREN (282) 27
LBRACE (283) 28
RBRACE (284) 29
SEMI (285) 30
EQUIV (286) 31
NEQ (287) 32
LEQ (288) 33
LESSER (289) 34
GEQ (290) 35
GREATER (291) 36
ASSIGN (292) 37
PASSIGN (293) 38
MASSIGN (294) 39
DEC (295) 40
INC (296) 41
COLON (297) 42
PLUS (298) 43
MINUS (299) 44
DIVIDE (300) 45
MOD (301) 46
MULTI (302) 47


Nonterminals, with rules where they appear

$accept (48)
    on left: 0
Execution (49)
    on left: 1 2, on right: 0 1
Statement (50)
    on left: 3 4 5 6 7 8 9 10 11 12 13 14 15 16 17 18 19 20 21 22 23
    24 25 26 27 28 29 30 31 32 33 34 35 36 37 38 39 40 41 42 43 44
    45 46 47, on right: 1 2


state 0

    0 $accept: . Execution $end

    ID           shift, and go to state 1
    NUMCONST     shift, and go to state 2
    CHARCONST    shift, and go to state 3
    STRINGCONST  shift, and go to state 4
    AND          shift, and go to state 5
    BREAK        shift, and go to state 6
    BOOL         shift, and go to state 7
    CHAR         shift, and go to state 8
    ELSE         shift, and go to state 9
    FALSE        shift, and go to state 10
    FOREACH      shift, and go to state 11
    IF           shift, and go to state 12
    IN           shift, and go to state 13
    INT          shift, and go to state 14
    OR           shift, and go to state 15
    NOT          shift, and go to state 16
    RETURN       shift, and go to state 17
    TRUE         shift, and go to state 18
    STATIC       shift, and go to state 19
    WHILE        shift, and go to state 20
    COMMA        shift, and go to state 21
    LBRACKET     shift, and go to state 22
    RBRACKET     shift, and go to state 23
    LPAREN       shift, and go to state 24
    RPAREN       shift, and go to state 25
    LBRACE       shift, and go to state 26
    RBRACE       shift, and go to state 27
    SEMI         shift, and go to state 28
    EQUIV        shift, and go to state 29
    NEQ          shift, and go to state 30
    LEQ          shift, and go to state 31
    LESSER       shift, and go to state 32
    GEQ          shift, and go to state 33
    GREATER      shift, and go to state 34
    ASSIGN       shift, and go to state 35
    PASSIGN      shift, and go to state 36
    MASSIGN      shift, and go to state 37
    DEC          shift, and go to state 38
    INC          shift, and go to state 39
    COLON        shift, and go to state 40
    PLUS         shift, and go to state 41
    MINUS        shift, and go to state 42
    DIVIDE       shift, and go to state 43
    MOD          shift, and go to state 44
    MULTI        shift, and go to state 45

    Execution  go to state 46
    Statement  go to state 47


state 1

    3 Statement: ID .

    $default  reduce using rule 3 (Statement)


state 2

    4 Statement: NUMCONST .

    $default  reduce using rule 4 (Statement)


state 3

    5 Statement: CHARCONST .

    $default  reduce using rule 5 (Statement)


state 4

    6 Statement: STRINGCONST .

    $default  reduce using rule 6 (Statement)


state 5

    7 Statement: AND .

    $default  reduce using rule 7 (Statement)


state 6

    8 Statement: BREAK .

    $default  reduce using rule 8 (Statement)


state 7

    9 Statement: BOOL .

    $default  reduce using rule 9 (Statement)


state 8

   10 Statement: CHAR .

    $default  reduce using rule 10 (Statement)


state 9

   11 Statement: ELSE .

    $default  reduce using rule 11 (Statement)


state 10

   12 Statement: FALSE .

    $default  reduce using rule 12 (Statement)


state 11

   13 Statement: FOREACH .

    $default  reduce using rule 13 (Statement)


state 12

   14 Statement: IF .

    $default  reduce using rule 14 (Statement)


state 13

   15 Statement: IN .

    $default  reduce using rule 15 (Statement)


state 14

   16 Statement: INT .

    $default  reduce using rule 16 (Statement)


state 15

   17 Statement: OR .

    $default  reduce using rule 17 (Statement)


state 16

   18 Statement: NOT .

    $default  reduce using rule 18 (Statement)


state 17

   19 Statement: RETURN .

    $default  reduce using rule 19 (Statement)


state 18

   20 Statement: TRUE .

    $default  reduce using rule 20 (Statement)


state 19

   21 Statement: STATIC .

    $default  reduce using rule 21 (Statement)


state 20

   22 Statement: WHILE .

    $default  reduce using rule 22 (Statement)


state 21

   23 Statement: COMMA .

    $default  reduce using rule 23 (Statement)


state 22

   24 Statement: LBRACKET .

    $default  reduce using rule 24 (Statement)


state 23

   25 Statement: RBRACKET .

    $default  reduce using rule 25 (Statement)


state 24

   26 Statement: LPAREN .

    $default  reduce using rule 26 (Statement)


state 25

   27 Statement: RPAREN .

    $default  reduce using rule 27 (Statement)


state 26

   28 Statement: LBRACE .

    $default  reduce using rule 28 (Statement)


state 27

   29 Statement: RBRACE .

    $default  reduce using rule 29 (Statement)


state 28

   30 Statement: SEMI .

    $default  reduce using rule 30 (Statement)


state 29

   31 Statement: EQUIV .

    $default  reduce using rule 31 (Statement)


state 30

   32 Statement: NEQ .

    $default  reduce using rule 32 (Statement)


state 31

   33 Statement: LEQ .

    $default  reduce using rule 33 (Statement)


state 32

   34 Statement: LESSER .

    $default  reduce using rule 34 (Statement)


state 33

   35 Statement: GEQ .

    $default  reduce using rule 35 (Statement)


state 34

   36 Statement: GREATER .

    $default  reduce using rule 36 (Statement)


state 35

   37 Statement: ASSIGN .

    $default  reduce using rule 37 (Statement)


state 36

   38 Statement: PASSIGN .

    $default  reduce using rule 38 (Statement)


state 37

   39 Statement: MASSIGN .

    $default  reduce using rule 39 (Statement)


state 38

   40 Statement: DEC .

    $default  reduce using rule 40 (Statement)


state 39

   41 Statement: INC .

    $default  reduce using rule 41 (Statement)


state 40

   42 Statement: COLON .

    $default  reduce using rule 42 (Statement)


state 41

   43 Statement: PLUS .

    $default  reduce using rule 43 (Statement)


state 42

   44 Statement: MINUS .

    $default  reduce using rule 44 (Statement)


state 43

   45 Statement: DIVIDE .

    $default  reduce using rule 45 (Statement)


state 44

   46 Statement: MOD .

    $default  reduce using rule 46 (Statement)


state 45

   47 Statement: MULTI .

    $default  reduce using rule 47 (Statement)


state 46

    0 $accept: Execution . $end
    1 Execution: Execution . Statement

    $end         shift, and go to state 48
    ID           shift, and go to state 1
    NUMCONST     shift, and go to state 2
    CHARCONST    shift, and go to state 3
    STRINGCONST  shift, and go to state 4
    AND          shift, and go to state 5
    BREAK        shift, and go to state 6
    BOOL         shift, and go to state 7
    CHAR         shift, and go to state 8
    ELSE         shift, and go to state 9
    FALSE        shift, and go to state 10
    FOREACH      shift, and go to state 11
    IF           shift, and go to state 12
    IN           shift, and go to state 13
    INT          shift, and go to state 14
    OR           shift, and go to state 15
    NOT          shift, and go to state 16
    RETURN       shift, and go to state 17
    TRUE         shift, and go to state 18
    STATIC       shift, and go to state 19
    WHILE        shift, and go to state 20
    COMMA        shift, and go to state 21
    LBRACKET     shift, and go to state 22
    RBRACKET     shift, and go to state 23
    LPAREN       shift, and go to state 24
    RPAREN       shift, and go to state 25
    LBRACE       shift, and go to state 26
    RBRACE       shift, and go to state 27
    SEMI         shift, and go to state 28
    EQUIV        shift, and go to state 29
    NEQ          shift, and go to state 30
    LEQ          shift, and go to state 31
    LESSER       shift, and go to state 32
    GEQ          shift, and go to state 33
    GREATER      shift, and go to state 34
    ASSIGN       shift, and go to state 35
    PASSIGN      shift, and go to state 36
    MASSIGN      shift, and go to state 37
    DEC          shift, and go to state 38
    INC          shift, and go to state 39
    COLON        shift, and go to state 40
    PLUS         shift, and go to state 41
    MINUS        shift, and go to state 42
    DIVIDE       shift, and go to state 43
    MOD          shift, and go to state 44
    MULTI        shift, and go to state 45

    Statement  go to state 49


state 47

    2 Execution: Statement .

    $default  reduce using rule 2 (Execution)


state 48

    0 $accept: Execution $end .

    $default  accept


state 49

    1 Execution: Execution Statement .

    $default  reduce using rule 1 (Execution)
