Number of warnings: 0
Number of errors: 0
Codegen started 
Codegen ended 
------------------------------------

Memory Configuration: Data Addresses: 0-9999  Instruction Addresses: 0-9999
Loading file: c0d.tm
622 
622 
622 
622 
622 
622 
622 
622 
622 
622 
622 
622 
622 
622 
622 
622 
622 
622 
622 
622 
622 
622 
622 
622 
622 
622 
622 
622 
622 
622 
622 
622 
622 
622 
622 
622 
622 
622 
622 
622 
622 
622 
622 
622 
622 
622 
622 
622 
622 
622 
622 
622 
622 
622 
622 
622 
622 
622 
622 
622 
622 
622 
622 
622 
622 
622 
622 
622 
622 
622 
622 
622 
622 
622 
622 
622 
622 
622 
622 
622 
622 
622 
622 
622 
622 
622 
622 
622 
622 
622 
622 
622 
622 
622 
622 
622 
622 
622 
622 
622 
622 
622 
622 
622 
622 
622 
622 
622 
622 
622 
622 
622 
622 
622 
622 
622 
622 
622 
622 
622 
622 
622 
622 
622 
622 
622 
622 
622 
622 
622 
622 
622 
622 
622 
622 
622 
622 
622 
622 
622 
622 
622 
622 
622 
622 
622 
622 
622 
622 
622 
622 
622 
622 
622 
622 
622 
622 
622 
622 
622 
622 
622 
622 
622 
622 
622 
622 
622 
622 
622 
622 
622 
622 
622 
622 
622 
622 
622 
622 
622 
622 
622 
622 
622 
622 
622 
622 
622 
622 
622 
622 
622 
622 
622 
622 
622 
622 
622 
622 
622 
622 
622 
622 
622 
622 
622 
622 
622 
622 
622 
622 
622 
622 
622 
622 
622 
622 
622 
622 
622 
622 
622 
622 
622 
622 
622 
622 
Halted
Bye.
