ERROR(8): '=' requires that if one operand is an array so must the other operand.
ERROR(9): Not expecting array in parameter 1 of call to 'output' defined on line -1.
ERROR(13): '=' requires that if one operand is an array so must the other operand.
ERROR(15): '=' requires that if one operand is an array so must the other operand.
ERROR(16): Not expecting array in parameter 1 of call to 'output' defined on line -1.
ERROR(18): Array index is the unindexed array 'x'.
ERROR(18): Not expecting array in parameter 1 of call to 'output' defined on line -1.
ERROR(20): Array index is the unindexed array 'x'.
ERROR(20): Array index is the unindexed array 'x'.
ERROR(20): Not expecting array in parameter 1 of call to 'output' defined on line -1.
ERROR(22): Array index is the unindexed array 'x'.
ERROR(22): Array index is the unindexed array 'x'.
ERROR(22): Array index is the unindexed array 'x'.
ERROR(22): Not expecting array in parameter 1 of call to 'output' defined on line -1.
ERROR(24): Array index is the unindexed array 'x'.
ERROR(24): Array index is the unindexed array 'x'.
ERROR(24): Array index is the unindexed array 'x'.
ERROR(24): Array index is the unindexed array 'x'.
ERROR(24): Not expecting array in parameter 1 of call to 'output' defined on line -1.
ERROR(26): Array index is the unindexed array 'x'.
ERROR(26): Array index is the unindexed array 'x'.
ERROR(26): Array index is the unindexed array 'x'.
ERROR(26): Array index is the unindexed array 'x'.
ERROR(26): Array index is the unindexed array 'x'.
ERROR(26): Not expecting array in parameter 1 of call to 'output' defined on line -1.
ERROR(28): Array index is the unindexed array 'x'.
ERROR(28): Array index is the unindexed array 'x'.
ERROR(28): Array index is the unindexed array 'x'.
ERROR(28): Array index is the unindexed array 'x'.
ERROR(28): Array index is the unindexed array 'x'.
ERROR(28): Array index is the unindexed array 'x'.
ERROR(28): Not expecting array in parameter 1 of call to 'output' defined on line -1.
ERROR(30): Array index is the unindexed array 'x'.
ERROR(30): Array index is the unindexed array 'x'.
ERROR(30): Array index is the unindexed array 'x'.
ERROR(30): Array index is the unindexed array 'x'.
ERROR(30): Array index is the unindexed array 'x'.
ERROR(30): Array index is the unindexed array 'x'.
ERROR(30): Array index is the unindexed array 'x'.
ERROR(30): Not expecting array in parameter 1 of call to 'output' defined on line -1.
ERROR(32): Array index is the unindexed array 'x'.
ERROR(32): Array index is the unindexed array 'x'.
ERROR(32): Array index is the unindexed array 'x'.
ERROR(32): Array index is the unindexed array 'x'.
ERROR(32): Array index is the unindexed array 'x'.
ERROR(32): Array index is the unindexed array 'x'.
ERROR(32): Array index is the unindexed array 'x'.
ERROR(32): Array index is the unindexed array 'x'.
ERROR(32): Not expecting array in parameter 1 of call to 'output' defined on line -1.
ERROR(34): Array index is the unindexed array 'x'.
ERROR(34): Array index is the unindexed array 'x'.
ERROR(34): Array index is the unindexed array 'x'.
ERROR(34): Array index is the unindexed array 'x'.
ERROR(34): Array index is the unindexed array 'x'.
ERROR(34): Array index is the unindexed array 'x'.
ERROR(34): Array index is the unindexed array 'x'.
ERROR(34): Array index is the unindexed array 'x'.
ERROR(34): Array index is the unindexed array 'x'.
ERROR(34): Not expecting array in parameter 1 of call to 'output' defined on line -1.
Number of warnings: 0
Number of errors: 59
Codegen started 
Codegen ended 
------------------------------------

Memory Configuration: Data Addresses: 0-9999  Instruction Addresses: 0-9999
Loading file: c13.tm
73 
5 
5 
5 
5 
5 
5 
5 
5 
5 
5 
73 
5 
5 
5 
5 
5 
5 
5 
5 
5 
5 
73 
5 
5 
5 
5 
5 
5 
5 
5 
5 
5 
73 
5 
5 
5 
5 
5 
5 
5 
5 
5 
5 
73 
5 
5 
5 
5 
5 
5 
5 
5 
5 
5 
73 
5 
5 
5 
5 
5 
5 
5 
5 
5 
5 
73 
5 
5 
5 
5 
5 
5 
5 
5 
5 
5 
73 
5 
5 
5 
5 
5 
5 
5 
5 
5 
5 
73 
5 
5 
5 
5 
5 
5 
5 
5 
5 
5 
73 
5 
5 
5 
5 
5 
5 
5 
5 
5 
5 
73 
5 
5 
5 
5 
5 
5 
5 
5 
5 
5 
73 
5 
5 
5 
5 
5 
5 
5 
5 
5 
5 
73 
5 
5 
5 
5 
5 
5 
5 
5 
5 
5 
73 
5 
5 
5 
5 
5 
5 
5 
5 
5 
5 
73 
5 
5 
5 
5 
5 
5 
5 
5 
5 
5 
73 
5 
5 
5 
5 
5 
5 
5 
5 
5 
5 
73 
5 
5 
5 
5 
5 
5 
5 
5 
5 
5 
73 
5 
5 
5 
5 
5 
5 
5 
5 
5 
5 
73 
5 
5 
5 
5 
5 
5 
5 
5 
5 
5 
73 
5 
5 
5 
5 
5 
5 
5 
5 
5 
5 
73 
5 
5 
5 
5 
5 
5 
5 
5 
5 
5 
73 
5 
5 
5 
5 
5 
5 
5 
5 
5 
5 
73 
5 
5 
5 
5 
5 
5 
5 
5 
5 
5 
73 
5 
5 
5 
5 
5 
5 
5 
5 
5 
5 
73 
5 
5 
5 
5 
5 
5 
5 
5 
5 
5 
73 
5 
5 
5 
Halted
Bye.
