ERROR(11): '=' requires that if one operand is an array so must the other operand.
ERROR(12): '=' requires that if one operand is an array so must the other operand.
ERROR(13): The operation '+' does not work with arrays.
Number of warnings: 0
Number of errors: 3
Codegen started 
Codegen ended 
------------------------------------

Memory Configuration: Data Addresses: 0-9999  Instruction Addresses: 0-9999
Loading file: c14.tm
284 
284 
284 
284 
284 
284 
284 
284 
284 
284 
284 
284 
284 
284 
284 
284 
284 
284 
284 
284 
284 
284 
284 
284 
284 
284 
284 
284 
284 
284 
284 
284 
284 
284 
284 
284 
284 
284 
284 
284 
284 
284 
284 
284 
284 
284 
284 
284 
284 
284 
284 
284 
284 
284 
284 
284 
284 
284 
284 
284 
284 
284 
284 
284 
284 
284 
284 
284 
284 
284 
284 
284 
284 
284 
284 
284 
284 
284 
284 
284 
284 
284 
284 
284 
284 
284 
284 
284 
284 
284 
284 
284 
284 
284 
284 
284 
284 
284 
284 
284 
284 
284 
284 
284 
284 
284 
284 
284 
284 
284 
284 
284 
284 
284 
284 
284 
284 
284 
284 
284 
284 
284 
284 
284 
284 
284 
284 
284 
284 
284 
284 
284 
284 
284 
284 
284 
284 
284 
284 
284 
284 
284 
284 
284 
284 
284 
284 
284 
284 
284 
284 
284 
284 
284 
284 
284 
284 
284 
284 
284 
284 
284 
284 
284 
284 
284 
284 
284 
284 
284 
284 
284 
284 
284 
284 
284 
284 
284 
284 
284 
284 
284 
284 
284 
284 
284 
284 
284 
Halted
Bye.
