ERROR(12): '=' requires that if one operand is an array so must the other operand.
ERROR(13): '=' requires that if one operand is an array so must the other operand.
Number of warnings: 0
Number of errors: 2
Codegen started 
Codegen ended 
------------------------------------

Memory Configuration: Data Addresses: 0-9999  Instruction Addresses: 0-9999
Loading file: c16.tm
10102 
10102 
10102 
10102 
10102 
10102 
10102 
10102 
10102 
10102 
10102 
10102 
10102 
10102 
10102 
10102 
10102 
10102 
10102 
10102 
10102 
10102 
10102 
10102 
10102 
10102 
10102 
10102 
10102 
10102 
10102 
10102 
10102 
10102 
10102 
10102 
10102 
10102 
10102 
10102 
10102 
10102 
10102 
10102 
10102 
10102 
10102 
10102 
10102 
10102 
10102 
10102 
10102 
10102 
10102 
10102 
10102 
10102 
10102 
10102 
10102 
10102 
10102 
10102 
10102 
10102 
10102 
10102 
10102 
10102 
10102 
10102 
10102 
10102 
10102 
10102 
10102 
10102 
10102 
10102 
10102 
10102 
10102 
10102 
10102 
10102 
10102 
10102 
10102 
10102 
10102 
10102 
10102 
10102 
10102 
10102 
10102 
10102 
10102 
10102 
10102 
10102 
10102 
10102 
10102 
10102 
10102 
10102 
10102 
10102 
10102 
10102 
10102 
10102 
10102 
10102 
10102 
10102 
10102 
10102 
10102 
10102 
10102 
10102 
10102 
10102 
10102 
10102 
10102 
10102 
10102 
10102 
10102 
10102 
10102 
10102 
10102 
10102 
10102 
10102 
10102 
10102 
10102 
10102 
10102 
10102 
10102 
10102 
10102 
10102 
10102 
Halted
Bye.
